[     430ms] [WARNING] Image with src "http://localhost:3000/icons/home-icon.svg" has either width or height modified, but not the other. If you use CSS to change the size of your image, also include the styles 'width: "auto"' or 'height: "auto"' to maintain the aspect ratio. @ http://localhost:3000/_next/static/chunks/node_modules_next_dist_f3530cac._.js:2297
[     430ms] [WARNING] Image with src "http://localhost:3000/icons/da-filled.svg" has either width or height modified, but not the other. If you use CSS to change the size of your image, also include the styles 'width: "auto"' or 'height: "auto"' to maintain the aspect ratio. @ http://localhost:3000/_next/static/chunks/node_modules_next_dist_f3530cac._.js:2297
[     430ms] [WARNING] Image with src "http://localhost:3000/icons/eng-outlined.svg" has either width or height modified, but not the other. If you use CSS to change the size of your image, also include the styles 'width: "auto"' or 'height: "auto"' to maintain the aspect ratio. @ http://localhost:3000/_next/static/chunks/node_modules_next_dist_f3530cac._.js:2297
[     451ms] [ERROR] Error: <g> attribute transform: Expected transform function, "null". @ http://localhost:3000/_next/static/chunks/node_modules_gsap_7421d973._.js:4232
[     452ms] [ERROR] Error: <image> attribute transform: Expected transform function, "null". @ http://localhost:3000/_next/static/chunks/node_modules_gsap_7421d973._.js:4232
[     452ms] [ERROR] Error: <image> attribute transform: Expected transform function, "null". @ http://localhost:3000/_next/static/chunks/node_modules_gsap_7421d973._.js:4232
[     452ms] [ERROR] Error: <image> attribute transform: Expected transform function, "null". @ http://localhost:3000/_next/static/chunks/node_modules_gsap_7421d973._.js:4232
[     452ms] [ERROR] Error: <image> attribute transform: Expected transform function, "null". @ http://localhost:3000/_next/static/chunks/node_modules_gsap_7421d973._.js:4232
[     452ms] [ERROR] Error: <image> attribute transform: Expected transform function, "null". @ http://localhost:3000/_next/static/chunks/node_modules_gsap_7421d973._.js:4232
[     452ms] [ERROR] Error: <image> attribute transform: Expected transform function, "null". @ http://localhost:3000/_next/static/chunks/node_modules_gsap_7421d973._.js:4232
[   79475ms] [WARNING] scale not eligible for reset @ http://localhost:3000/_next/static/chunks/node_modules_next_dist_f3530cac._.js:2297
[   79475ms] [WARNING] scale not eligible for reset @ http://localhost:3000/_next/static/chunks/node_modules_next_dist_f3530cac._.js:2297
[   79706ms] [WARNING] scale not eligible for reset @ http://localhost:3000/_next/static/chunks/node_modules_next_dist_f3530cac._.js:2297
[   79865ms] [WARNING] scale not eligible for reset @ http://localhost:3000/_next/static/chunks/node_modules_next_dist_f3530cac._.js:2297
[   79882ms] [WARNING] scale not eligible for reset @ http://localhost:3000/_next/static/chunks/node_modules_next_dist_f3530cac._.js:2297
[   79898ms] [WARNING] scale not eligible for reset @ http://localhost:3000/_next/static/chunks/node_modules_next_dist_f3530cac._.js:2297
[   79915ms] [WARNING] scale not eligible for reset @ http://localhost:3000/_next/static/chunks/node_modules_next_dist_f3530cac._.js:2297
[   79932ms] [WARNING] scale not eligible for reset @ http://localhost:3000/_next/static/chunks/node_modules_next_dist_f3530cac._.js:2297
[   79948ms] [WARNING] scale not eligible for reset @ http://localhost:3000/_next/static/chunks/node_modules_next_dist_f3530cac._.js:2297
[   79965ms] [WARNING] scale not eligible for reset @ http://localhost:3000/_next/static/chunks/node_modules_next_dist_f3530cac._.js:2297
[   79982ms] [WARNING] scale not eligible for reset @ http://localhost:3000/_next/static/chunks/node_modules_next_dist_f3530cac._.js:2297
[   79999ms] [WARNING] scale not eligible for reset @ http://localhost:3000/_next/static/chunks/node_modules_next_dist_f3530cac._.js:2297
[   80015ms] [WARNING] scale not eligible for reset @ http://localhost:3000/_next/static/chunks/node_modules_next_dist_f3530cac._.js:2297
[   80032ms] [WARNING] scale not eligible for reset @ http://localhost:3000/_next/static/chunks/node_modules_next_dist_f3530cac._.js:2297
[   80050ms] [WARNING] scale not eligible for reset @ http://localhost:3000/_next/static/chunks/node_modules_next_dist_f3530cac._.js:2297
[   80065ms] [WARNING] scale not eligible for reset @ http://localhost:3000/_next/static/chunks/node_modules_next_dist_f3530cac._.js:2297
[   80082ms] [WARNING] scale not eligible for reset @ http://localhost:3000/_next/static/chunks/node_modules_next_dist_f3530cac._.js:2297
[   80366ms] [WARNING] scale not eligible for reset @ http://localhost:3000/_next/static/chunks/node_modules_next_dist_f3530cac._.js:2297
[   80382ms] [WARNING] scale not eligible for reset @ http://localhost:3000/_next/static/chunks/node_modules_next_dist_f3530cac._.js:2297
[   80398ms] [WARNING] scale not eligible for reset @ http://localhost:3000/_next/static/chunks/node_modules_next_dist_f3530cac._.js:2297
[   80416ms] [WARNING] scale not eligible for reset @ http://localhost:3000/_next/static/chunks/node_modules_next_dist_f3530cac._.js:2297
[   80433ms] [WARNING] scale not eligible for reset @ http://localhost:3000/_next/static/chunks/node_modules_next_dist_f3530cac._.js:2297
[   80449ms] [WARNING] scale not eligible for reset @ http://localhost:3000/_next/static/chunks/node_modules_next_dist_f3530cac._.js:2297
[   80466ms] [WARNING] scale not eligible for reset @ http://localhost:3000/_next/static/chunks/node_modules_next_dist_f3530cac._.js:2297
[   80482ms] [WARNING] scale not eligible for reset @ http://localhost:3000/_next/static/chunks/node_modules_next_dist_f3530cac._.js:2297
[   80499ms] [WARNING] scale not eligible for reset @ http://localhost:3000/_next/static/chunks/node_modules_next_dist_f3530cac._.js:2297
[   80515ms] [WARNING] scale not eligible for reset @ http://localhost:3000/_next/static/chunks/node_modules_next_dist_f3530cac._.js:2297
[   80533ms] [WARNING] scale not eligible for reset @ http://localhost:3000/_next/static/chunks/node_modules_next_dist_f3530cac._.js:2297
[   80732ms] [WARNING] scale not eligible for reset @ http://localhost:3000/_next/static/chunks/node_modules_next_dist_f3530cac._.js:2297
[  161547ms] [ERROR] Failed to load resource: the server responded with a status of 404 (Not Found) @ http://localhost:3000/src/lib/gsap.ts:0
[  177396ms] [WARNING] scale not eligible for reset @ http://localhost:3000/_next/static/chunks/node_modules_next_dist_f3530cac._.js:2297
[  177396ms] [WARNING] scale not eligible for reset @ http://localhost:3000/_next/static/chunks/node_modules_next_dist_f3530cac._.js:2297
[  177429ms] [WARNING] scale not eligible for reset @ http://localhost:3000/_next/static/chunks/node_modules_next_dist_f3530cac._.js:2297
[  177430ms] [WARNING] scale not eligible for reset @ http://localhost:3000/_next/static/chunks/node_modules_next_dist_f3530cac._.js:2297
